2022-01-11 17:45:18,392 - INFO - **************common.configs**********
2022-01-11 17:45:18,392 - INFO - use_gpu: True, use_xpu: False, use_visual: False, infer_batch_size: 512, test_data_dir: ../../../datasets/criteo_DCNv2/slot_test_data_full, start_epoch: 0, end_epoch: 1, print_interval: 500, model_load_path: output_model_dcn_v2_4
2022-01-11 17:45:18,392 - INFO - **************common.configs**********
W0111 17:45:18.394057  9395 device_context.cc:447] Please NOTE: device: 0, GPU Compute Capability: 7.0, Driver API Version: 10.1, Runtime API Version: 10.1
W0111 17:45:18.404037  9395 device_context.cc:465] device: 0, cuDNN Version: 7.6.
2022-01-11 17:45:29,181 - INFO - read data
2022-01-11 17:45:29,181 - INFO - reader path:reader
2022-01-11 14:39:52,260 - INFO - epoch: 0, batch_id: 0, auc:0.485801, log_loss:0.7175048, avg_reader_cost: 0.00075 sec, avg_batch_cost: 0.00113 sec, avg_samples: 1.02400, ips: 902.88752 ins/s
2022-01-11 14:41:11,044 - INFO - epoch: 0, batch_id: 500, auc:0.736374, log_loss:0.46388316, avg_reader_cost: 0.03265 sec, avg_batch_cost: 0.15724 sec, avg_samples: 512.00000, ips: 3256.09005 ins/s
2022-01-11 14:42:29,503 - INFO - epoch: 0, batch_id: 1000, auc:0.751129, log_loss:0.46071136, avg_reader_cost: 0.02995 sec, avg_batch_cost: 0.15661 sec, avg_samples: 512.00000, ips: 3269.34096 ins/s
2022-01-11 14:43:49,541 - INFO - epoch: 0, batch_id: 1500, auc:0.759219, log_loss:0.47406805, avg_reader_cost: 0.03049 sec, avg_batch_cost: 0.15975 sec, avg_samples: 512.00000, ips: 3204.99841 ins/s
2022-01-11 14:45:12,842 - INFO - epoch: 0, batch_id: 2000, auc:0.764013, log_loss:0.44267622, avg_reader_cost: 0.02946 sec, avg_batch_cost: 0.16627 sec, avg_samples: 512.00000, ips: 3079.39554 ins/s
2022-01-11 14:46:40,734 - INFO - epoch: 0, batch_id: 2500, auc:0.767170, log_loss:0.4734016, avg_reader_cost: 0.03420 sec, avg_batch_cost: 0.17543 sec, avg_samples: 512.00000, ips: 2918.51709 ins/s
2022-01-11 14:47:59,066 - INFO - epoch: 0, batch_id: 3000, auc:0.770630, log_loss:0.4719782, avg_reader_cost: 0.03279 sec, avg_batch_cost: 0.15634 sec, avg_samples: 512.00000, ips: 3274.87655 ins/s
2022-01-11 14:49:15,271 - INFO - epoch: 0, batch_id: 3500, auc:0.771801, log_loss:0.4950442, avg_reader_cost: 0.03195 sec, avg_batch_cost: 0.15212 sec, avg_samples: 512.00000, ips: 3365.87257 ins/s
2022-01-11 14:50:35,606 - INFO - epoch: 0, batch_id: 4000, auc:0.774001, log_loss:0.4925696, avg_reader_cost: 0.03136 sec, avg_batch_cost: 0.16034 sec, avg_samples: 512.00000, ips: 3193.13945 ins/s
2022-01-11 14:52:01,897 - INFO - epoch: 0, batch_id: 4500, auc:0.774683, log_loss:0.45163053, avg_reader_cost: 0.03370 sec, avg_batch_cost: 0.17223 sec, avg_samples: 512.00000, ips: 2972.78414 ins/s
2022-01-11 14:53:16,143 - INFO - epoch: 0, batch_id: 5000, auc:0.776276, log_loss:0.4270205, avg_reader_cost: 0.02872 sec, avg_batch_cost: 0.14818 sec, avg_samples: 512.00000, ips: 3455.35846 ins/s
2022-01-11 14:54:36,137 - INFO - epoch: 0, batch_id: 5500, auc:0.777107, log_loss:0.4585538, avg_reader_cost: 0.03091 sec, avg_batch_cost: 0.15966 sec, avg_samples: 512.00000, ips: 3206.71546 ins/s
2022-01-11 14:55:47,374 - INFO - epoch: 0, batch_id: 6000, auc:0.778606, log_loss:0.5097718, avg_reader_cost: 0.02645 sec, avg_batch_cost: 0.14218 sec, avg_samples: 512.00000, ips: 3601.10267 ins/s
2022-01-11 14:56:59,105 - INFO - epoch: 0, batch_id: 6500, auc:0.779454, log_loss:0.4762665, avg_reader_cost: 0.02799 sec, avg_batch_cost: 0.14317 sec, avg_samples: 512.00000, ips: 3576.23745 ins/s
2022-01-11 14:57:52,356 - INFO - epoch: 0, batch_id: 7000, auc:0.779943, log_loss:0.4797208, avg_reader_cost: 0.01893 sec, avg_batch_cost: 0.10629 sec, avg_samples: 512.00000, ips: 4817.19724 ins/s
2022-01-11 14:58:44,339 - INFO - epoch: 0, batch_id: 7500, auc:0.780561, log_loss:0.4503377, avg_reader_cost: 0.01670 sec, avg_batch_cost: 0.10376 sec, avg_samples: 512.00000, ips: 4934.44649 ins/s
2022-01-11 14:59:35,729 - INFO - epoch: 0, batch_id: 8000, auc:0.781049, log_loss:0.46145657, avg_reader_cost: 0.01478 sec, avg_batch_cost: 0.10258 sec, avg_samples: 512.00000, ips: 4991.35309 ins/s
2022-01-11 15:00:26,370 - INFO - epoch: 0, batch_id: 8500, auc:0.781752, log_loss:0.4374392, avg_reader_cost: 0.01871 sec, avg_batch_cost: 0.10107 sec, avg_samples: 512.00000, ips: 5065.62651 ins/s
2022-01-11 15:01:18,530 - INFO - epoch: 0, batch_id: 9000, auc:0.782363, log_loss:0.43145937, avg_reader_cost: 0.01876 sec, avg_batch_cost: 0.10411 sec, avg_samples: 512.00000, ips: 4917.82286 ins/s
2022-01-11 15:02:09,883 - INFO - epoch: 0, batch_id: 9500, auc:0.782802, log_loss:0.44155815, avg_reader_cost: 0.01870 sec, avg_batch_cost: 0.10250 sec, avg_samples: 512.00000, ips: 4995.35913 ins/s
2022-01-11 15:03:01,285 - INFO - epoch: 0, batch_id: 10000, auc:0.783405, log_loss:0.41423583, avg_reader_cost: 0.01705 sec, avg_batch_cost: 0.10260 sec, avg_samples: 512.00000, ips: 4990.43251 ins/s
2022-01-11 15:03:55,199 - INFO - epoch: 0, batch_id: 10500, auc:0.784439, log_loss:0.4464271, avg_reader_cost: 0.01772 sec, avg_batch_cost: 0.10762 sec, avg_samples: 512.00000, ips: 4757.59685 ins/s
2022-01-11 15:04:45,857 - INFO - epoch: 0, batch_id: 11000, auc:0.784992, log_loss:0.41066498, avg_reader_cost: 0.01844 sec, avg_batch_cost: 0.10111 sec, avg_samples: 512.00000, ips: 5063.68174 ins/s
2022-01-11 15:05:39,782 - INFO - epoch: 0, batch_id: 11500, auc:0.785492, log_loss:0.37584475, avg_reader_cost: 0.01773 sec, avg_batch_cost: 0.10763 sec, avg_samples: 512.00000, ips: 4756.97266 ins/s
2022-01-11 15:06:33,281 - INFO - epoch: 0, batch_id: 12000, auc:0.786157, log_loss:0.46383196, avg_reader_cost: 0.01623 sec, avg_batch_cost: 0.10679 sec, avg_samples: 512.00000, ips: 4794.55982 ins/s
2022-01-11 15:07:24,683 - INFO - epoch: 0, batch_id: 12500, auc:0.786481, log_loss:0.46552256, avg_reader_cost: 0.01825 sec, avg_batch_cost: 0.10260 sec, avg_samples: 512.00000, ips: 4990.20218 ins/s
2022-01-11 15:08:18,506 - INFO - epoch: 0, batch_id: 13000, auc:0.786638, log_loss:0.44756967, avg_reader_cost: 0.01894 sec, avg_batch_cost: 0.10744 sec, avg_samples: 512.00000, ips: 4765.52931 ins/s
2022-01-11 15:09:13,221 - INFO - epoch: 0, batch_id: 13500, auc:0.786932, log_loss:0.4439237, avg_reader_cost: 0.01906 sec, avg_batch_cost: 0.10922 sec, avg_samples: 512.00000, ips: 4687.66808 ins/s
2022-01-11 15:10:04,628 - INFO - epoch: 0, batch_id: 14000, auc:0.787247, log_loss:0.42840225, avg_reader_cost: 0.01578 sec, avg_batch_cost: 0.10261 sec, avg_samples: 512.00000, ips: 4989.55385 ins/s
2022-01-11 15:10:58,444 - INFO - epoch: 0, batch_id: 14500, auc:0.787461, log_loss:0.45285213, avg_reader_cost: 0.01758 sec, avg_batch_cost: 0.10743 sec, avg_samples: 512.00000, ips: 4766.05339 ins/s
2022-01-11 15:11:50,218 - INFO - epoch: 0, batch_id: 15000, auc:0.787570, log_loss:0.45738342, avg_reader_cost: 0.01594 sec, avg_batch_cost: 0.10334 sec, avg_samples: 512.00000, ips: 4954.38169 ins/s
2022-01-11 15:12:48,880 - INFO - epoch: 0, batch_id: 15500, auc:0.787764, log_loss:0.462811, avg_reader_cost: 0.01826 sec, avg_batch_cost: 0.11710 sec, avg_samples: 512.00000, ips: 4372.44590 ins/s
2022-01-11 15:14:02,033 - INFO - epoch: 0, batch_id: 16000, auc:0.788129, log_loss:0.4437765, avg_reader_cost: 0.02843 sec, avg_batch_cost: 0.14601 sec, avg_samples: 512.00000, ips: 3506.58323 ins/s
2022-01-11 15:14:55,129 - INFO - epoch: 0, batch_id: 16500, auc:0.788431, log_loss:0.4302575, avg_reader_cost: 0.01726 sec, avg_batch_cost: 0.10599 sec, avg_samples: 512.00000, ips: 4830.81813 ins/s
2022-01-11 15:15:49,579 - INFO - epoch: 0, batch_id: 17000, auc:0.788633, log_loss:0.4725839, avg_reader_cost: 0.01780 sec, avg_batch_cost: 0.10870 sec, avg_samples: 512.00000, ips: 4710.42600 ins/s
2022-01-11 15:16:43,418 - INFO - epoch: 0, batch_id: 17500, auc:0.788839, log_loss:0.4570925, avg_reader_cost: 0.01835 sec, avg_batch_cost: 0.10748 sec, avg_samples: 512.00000, ips: 4763.88278 ins/s
2022-01-11 15:17:34,641 - INFO - epoch: 0, batch_id: 18000, auc:0.789058, log_loss:0.48241228, avg_reader_cost: 0.01786 sec, avg_batch_cost: 0.10224 sec, avg_samples: 512.00000, ips: 5007.78057 ins/s
2022-01-11 15:18:29,480 - INFO - epoch: 0, batch_id: 18500, auc:0.789151, log_loss:0.45090657, avg_reader_cost: 0.01740 sec, avg_batch_cost: 0.10947 sec, avg_samples: 512.00000, ips: 4677.13295 ins/s
2022-01-11 15:19:22,447 - INFO - epoch: 0, batch_id: 19000, auc:0.789371, log_loss:0.44484532, avg_reader_cost: 0.01645 sec, avg_batch_cost: 0.10573 sec, avg_samples: 512.00000, ips: 4842.63909 ins/s
2022-01-11 15:20:13,961 - INFO - epoch: 0, batch_id: 19500, auc:0.789593, log_loss:0.42702618, avg_reader_cost: 0.01685 sec, avg_batch_cost: 0.10282 sec, avg_samples: 512.00000, ips: 4979.41839 ins/s
2022-01-11 15:21:05,325 - INFO - epoch: 0, batch_id: 20000, auc:0.789717, log_loss:0.47778338, avg_reader_cost: 0.01695 sec, avg_batch_cost: 0.10252 sec, avg_samples: 512.00000, ips: 4993.93126 ins/s
2022-01-11 15:21:58,284 - INFO - epoch: 0, batch_id: 20500, auc:0.789930, log_loss:0.45519227, avg_reader_cost: 0.01782 sec, avg_batch_cost: 0.10571 sec, avg_samples: 512.00000, ips: 4843.40868 ins/s
2022-01-11 15:22:50,901 - INFO - epoch: 0, batch_id: 21000, auc:0.790178, log_loss:0.43629634, avg_reader_cost: 0.01799 sec, avg_batch_cost: 0.10502 sec, avg_samples: 512.00000, ips: 4875.05611 ins/s
2022-01-11 15:23:43,572 - INFO - epoch: 0, batch_id: 21500, auc:0.790383, log_loss:0.43880424, avg_reader_cost: 0.01766 sec, avg_batch_cost: 0.10514 sec, avg_samples: 512.00000, ips: 4869.88325 ins/s
2022-01-11 15:24:36,984 - INFO - epoch: 0, batch_id: 22000, auc:0.790661, log_loss:0.4155149, avg_reader_cost: 0.01820 sec, avg_batch_cost: 0.10662 sec, avg_samples: 512.00000, ips: 4802.29362 ins/s
2022-01-11 15:25:29,897 - INFO - epoch: 0, batch_id: 22500, auc:0.790880, log_loss:0.45578477, avg_reader_cost: 0.01828 sec, avg_batch_cost: 0.10562 sec, avg_samples: 512.00000, ips: 4847.61304 ins/s
2022-01-11 15:26:22,991 - INFO - epoch: 0, batch_id: 23000, auc:0.791072, log_loss:0.45866758, avg_reader_cost: 0.01906 sec, avg_batch_cost: 0.10599 sec, avg_samples: 512.00000, ips: 4830.86631 ins/s
2022-01-11 15:27:17,668 - INFO - epoch: 0, batch_id: 23500, auc:0.791279, log_loss:0.44795325, avg_reader_cost: 0.01783 sec, avg_batch_cost: 0.10915 sec, avg_samples: 512.00000, ips: 4690.98660 ins/s
2022-01-11 15:28:10,145 - INFO - epoch: 0, batch_id: 24000, auc:0.791498, log_loss:0.41293412, avg_reader_cost: 0.01676 sec, avg_batch_cost: 0.10475 sec, avg_samples: 512.00000, ips: 4887.95346 ins/s
2022-01-11 15:29:02,520 - INFO - epoch: 0, batch_id: 24500, auc:0.791720, log_loss:0.46179396, avg_reader_cost: 0.01663 sec, avg_batch_cost: 0.10454 sec, avg_samples: 512.00000, ips: 4897.48037 ins/s
2022-01-11 15:29:53,744 - INFO - epoch: 0, batch_id: 25000, auc:0.791981, log_loss:0.47917783, avg_reader_cost: 0.01485 sec, avg_batch_cost: 0.10224 sec, avg_samples: 512.00000, ips: 5007.75334 ins/s
2022-01-11 15:30:46,235 - INFO - epoch: 0, batch_id: 25500, auc:0.792119, log_loss:0.39729783, avg_reader_cost: 0.01842 sec, avg_batch_cost: 0.10478 sec, avg_samples: 512.00000, ips: 4886.50184 ins/s
2022-01-11 15:31:40,070 - INFO - epoch: 0, batch_id: 26000, auc:0.792234, log_loss:0.41772884, avg_reader_cost: 0.01815 sec, avg_batch_cost: 0.10746 sec, avg_samples: 512.00000, ips: 4764.52313 ins/s
2022-01-11 15:32:48,080 - INFO - epoch: 0, batch_id: 26500, auc:0.792346, log_loss:0.48559794, avg_reader_cost: 0.02323 sec, avg_batch_cost: 0.13574 sec, avg_samples: 512.00000, ips: 3771.95953 ins/s
2022-01-11 15:34:23,587 - INFO - epoch: 0, batch_id: 27000, auc:0.792504, log_loss:0.43710387, avg_reader_cost: 0.04082 sec, avg_batch_cost: 0.19062 sec, avg_samples: 512.00000, ips: 2685.98411 ins/s
2022-01-11 15:35:51,170 - INFO - epoch: 0, batch_id: 27500, auc:0.792603, log_loss:0.49033862, avg_reader_cost: 0.03438 sec, avg_batch_cost: 0.17480 sec, avg_samples: 512.00000, ips: 2929.05974 ins/s
2022-01-11 15:37:29,113 - INFO - epoch: 0, batch_id: 28000, auc:0.792757, log_loss:0.47526014, avg_reader_cost: 0.04465 sec, avg_batch_cost: 0.19549 sec, avg_samples: 512.00000, ips: 2619.12452 ins/s
2022-01-11 15:39:02,298 - INFO - epoch: 0, batch_id: 28500, auc:0.792914, log_loss:0.46198264, avg_reader_cost: 0.04334 sec, avg_batch_cost: 0.18600 sec, avg_samples: 512.00000, ips: 2752.64687 ins/s
2022-01-11 15:40:22,389 - INFO - epoch: 0, batch_id: 29000, auc:0.793047, log_loss:0.43719035, avg_reader_cost: 0.03352 sec, avg_batch_cost: 0.15985 sec, avg_samples: 512.00000, ips: 3203.09621 ins/s
2022-01-11 15:41:48,738 - INFO - epoch: 0, batch_id: 29500, auc:0.793166, log_loss:0.43131527, avg_reader_cost: 0.03632 sec, avg_batch_cost: 0.17236 sec, avg_samples: 512.00000, ips: 2970.53191 ins/s
2022-01-11 15:43:13,217 - INFO - epoch: 0, batch_id: 30000, auc:0.793289, log_loss:0.41919398, avg_reader_cost: 0.03673 sec, avg_batch_cost: 0.16862 sec, avg_samples: 512.00000, ips: 3036.46108 ins/s
2022-01-11 15:44:30,298 - INFO - epoch: 0, batch_id: 30500, auc:0.793451, log_loss:0.48867002, avg_reader_cost: 0.03190 sec, avg_batch_cost: 0.15384 sec, avg_samples: 512.00000, ips: 3328.12209 ins/s
2022-01-11 15:45:44,637 - INFO - epoch: 0, batch_id: 31000, auc:0.793520, log_loss:0.44619405, avg_reader_cost: 0.02911 sec, avg_batch_cost: 0.14838 sec, avg_samples: 512.00000, ips: 3450.59877 ins/s
2022-01-11 15:47:07,563 - INFO - epoch: 0, batch_id: 31500, auc:0.793668, log_loss:0.4684553, avg_reader_cost: 0.03493 sec, avg_batch_cost: 0.16551 sec, avg_samples: 512.00000, ips: 3093.39995 ins/s
2022-01-11 15:48:28,745 - INFO - epoch: 0, batch_id: 32000, auc:0.793833, log_loss:0.4457756, avg_reader_cost: 0.03357 sec, avg_batch_cost: 0.16202 sec, avg_samples: 512.00000, ips: 3160.05439 ins/s
2022-01-11 15:49:58,027 - INFO - epoch: 0, batch_id: 32500, auc:0.793915, log_loss:0.47032246, avg_reader_cost: 0.03563 sec, avg_batch_cost: 0.17818 sec, avg_samples: 512.00000, ips: 2873.46809 ins/s
2022-01-11 15:51:15,478 - INFO - epoch: 0, batch_id: 33000, auc:0.794015, log_loss:0.39884764, avg_reader_cost: 0.02881 sec, avg_batch_cost: 0.15456 sec, avg_samples: 512.00000, ips: 3312.53217 ins/s
2022-01-11 15:52:36,370 - INFO - epoch: 0, batch_id: 33500, auc:0.794143, log_loss:0.44274268, avg_reader_cost: 0.03062 sec, avg_batch_cost: 0.16144 sec, avg_samples: 512.00000, ips: 3171.54598 ins/s
2022-01-11 15:54:00,592 - INFO - epoch: 0, batch_id: 34000, auc:0.794278, log_loss:0.42854336, avg_reader_cost: 0.03452 sec, avg_batch_cost: 0.16807 sec, avg_samples: 512.00000, ips: 3046.36347 ins/s
2022-01-11 15:55:23,668 - INFO - epoch: 0, batch_id: 34500, auc:0.794493, log_loss:0.4084651, avg_reader_cost: 0.03488 sec, avg_batch_cost: 0.16580 sec, avg_samples: 512.00000, ips: 3088.08795 ins/s
2022-01-11 15:56:43,620 - INFO - epoch: 0, batch_id: 35000, auc:0.794676, log_loss:0.42858377, avg_reader_cost: 0.03342 sec, avg_batch_cost: 0.15955 sec, avg_samples: 512.00000, ips: 3209.03637 ins/s
2022-01-11 15:58:10,948 - INFO - epoch: 0, batch_id: 35500, auc:0.794828, log_loss:0.52785796, avg_reader_cost: 0.04000 sec, avg_batch_cost: 0.17429 sec, avg_samples: 512.00000, ips: 2937.57941 ins/s
2022-01-11 15:59:24,561 - INFO - epoch: 0, batch_id: 36000, auc:0.794936, log_loss:0.40964326, avg_reader_cost: 0.02856 sec, avg_batch_cost: 0.14691 sec, avg_samples: 512.00000, ips: 3485.21826 ins/s
2022-01-11 16:00:35,516 - INFO - epoch: 0, batch_id: 36500, auc:0.795108, log_loss:0.46762565, avg_reader_cost: 0.02866 sec, avg_batch_cost: 0.14161 sec, avg_samples: 512.00000, ips: 3615.45114 ins/s
2022-01-11 16:01:30,456 - INFO - epoch: 0, batch_id: 37000, auc:0.795181, log_loss:0.4936765, avg_reader_cost: 0.02103 sec, avg_batch_cost: 0.10965 sec, avg_samples: 512.00000, ips: 4669.36408 ins/s
2022-01-11 16:02:25,130 - INFO - epoch: 0, batch_id: 37500, auc:0.795246, log_loss:0.4131912, avg_reader_cost: 0.01955 sec, avg_batch_cost: 0.10912 sec, avg_samples: 512.00000, ips: 4692.03812 ins/s
2022-01-11 16:03:18,127 - INFO - epoch: 0, batch_id: 38000, auc:0.795328, log_loss:0.41850424, avg_reader_cost: 0.02033 sec, avg_batch_cost: 0.10577 sec, avg_samples: 512.00000, ips: 4840.89344 ins/s
2022-01-11 16:04:12,727 - INFO - epoch: 0, batch_id: 38500, auc:0.795387, log_loss:0.45985502, avg_reader_cost: 0.01988 sec, avg_batch_cost: 0.10897 sec, avg_samples: 512.00000, ips: 4698.51365 ins/s
2022-01-11 16:05:08,050 - INFO - epoch: 0, batch_id: 39000, auc:0.795464, log_loss:0.4741214, avg_reader_cost: 0.01883 sec, avg_batch_cost: 0.11042 sec, avg_samples: 512.00000, ips: 4636.95118 ins/s
2022-01-11 16:06:03,271 - INFO - epoch: 0, batch_id: 39500, auc:0.795620, log_loss:0.45786834, avg_reader_cost: 0.01858 sec, avg_batch_cost: 0.11022 sec, avg_samples: 512.00000, ips: 4645.41716 ins/s
2022-01-11 16:06:57,905 - INFO - epoch: 0, batch_id: 40000, auc:0.795705, log_loss:0.5094244, avg_reader_cost: 0.01716 sec, avg_batch_cost: 0.10905 sec, avg_samples: 512.00000, ips: 4695.02186 ins/s
2022-01-11 16:07:49,315 - INFO - epoch: 0, batch_id: 40500, auc:0.795746, log_loss:0.4391088, avg_reader_cost: 0.01715 sec, avg_batch_cost: 0.10261 sec, avg_samples: 512.00000, ips: 4989.68559 ins/s
2022-01-11 16:08:41,110 - INFO - epoch: 0, batch_id: 41000, auc:0.795815, log_loss:0.47937173, avg_reader_cost: 0.01806 sec, avg_batch_cost: 0.10338 sec, avg_samples: 512.00000, ips: 4952.53797 ins/s
2022-01-11 16:09:34,375 - INFO - epoch: 0, batch_id: 41500, auc:0.795901, log_loss:0.45223844, avg_reader_cost: 0.01866 sec, avg_batch_cost: 0.10632 sec, avg_samples: 512.00000, ips: 4815.63546 ins/s
2022-01-11 16:10:30,997 - INFO - epoch: 0, batch_id: 42000, auc:0.795952, log_loss:0.4682901, avg_reader_cost: 0.01942 sec, avg_batch_cost: 0.11303 sec, avg_samples: 512.00000, ips: 4529.85793 ins/s
2022-01-11 16:11:22,939 - INFO - epoch: 0, batch_id: 42500, auc:0.796010, log_loss:0.38684213, avg_reader_cost: 0.01533 sec, avg_batch_cost: 0.10368 sec, avg_samples: 512.00000, ips: 4938.15506 ins/s
2022-01-11 16:12:16,538 - INFO - epoch: 0, batch_id: 43000, auc:0.796083, log_loss:0.49565735, avg_reader_cost: 0.01932 sec, avg_batch_cost: 0.10699 sec, avg_samples: 512.00000, ips: 4785.65211 ins/s
2022-01-11 16:13:07,996 - INFO - epoch: 0, batch_id: 43500, auc:0.796177, log_loss:0.51111686, avg_reader_cost: 0.01796 sec, avg_batch_cost: 0.10271 sec, avg_samples: 512.00000, ips: 4984.94690 ins/s
2022-01-11 16:14:03,184 - INFO - epoch: 0, batch_id: 44000, auc:0.796235, log_loss:0.4483249, avg_reader_cost: 0.01992 sec, avg_batch_cost: 0.11017 sec, avg_samples: 512.00000, ips: 4647.43421 ins/s
2022-01-11 16:14:57,046 - INFO - epoch: 0, batch_id: 44500, auc:0.796276, log_loss:0.44683516, avg_reader_cost: 0.01908 sec, avg_batch_cost: 0.10752 sec, avg_samples: 512.00000, ips: 4761.94470 ins/s
2022-01-11 16:16:09,883 - INFO - epoch: 0, batch_id: 45000, auc:0.796315, log_loss:0.46444207, avg_reader_cost: 0.02914 sec, avg_batch_cost: 0.14537 sec, avg_samples: 512.00000, ips: 3522.13177 ins/s
2022-01-11 16:17:02,444 - INFO - epoch: 0, batch_id: 45500, auc:0.796401, log_loss:0.4329431, avg_reader_cost: 0.01499 sec, avg_batch_cost: 0.10492 sec, avg_samples: 512.00000, ips: 4879.88969 ins/s
2022-01-11 16:17:54,708 - INFO - epoch: 0, batch_id: 46000, auc:0.796444, log_loss:0.4243927, avg_reader_cost: 0.01824 sec, avg_batch_cost: 0.10432 sec, avg_samples: 512.00000, ips: 4907.96091 ins/s
2022-01-11 16:18:49,261 - INFO - epoch: 0, batch_id: 46500, auc:0.796489, log_loss:0.45357576, avg_reader_cost: 0.01946 sec, avg_batch_cost: 0.10890 sec, avg_samples: 512.00000, ips: 4701.59676 ins/s
2022-01-11 16:19:41,450 - INFO - epoch: 0, batch_id: 47000, auc:0.796544, log_loss:0.4482706, avg_reader_cost: 0.01895 sec, avg_batch_cost: 0.10417 sec, avg_samples: 512.00000, ips: 4914.86471 ins/s
2022-01-11 16:20:32,762 - INFO - epoch: 0, batch_id: 47500, auc:0.796596, log_loss:0.42552912, avg_reader_cost: 0.01892 sec, avg_batch_cost: 0.10242 sec, avg_samples: 512.00000, ips: 4998.93868 ins/s
2022-01-11 16:21:25,748 - INFO - epoch: 0, batch_id: 48000, auc:0.796650, log_loss:0.4578541, avg_reader_cost: 0.01880 sec, avg_batch_cost: 0.10577 sec, avg_samples: 512.00000, ips: 4840.91051 ins/s
2022-01-11 16:22:18,861 - INFO - epoch: 0, batch_id: 48500, auc:0.796684, log_loss:0.41910404, avg_reader_cost: 0.01919 sec, avg_batch_cost: 0.10602 sec, avg_samples: 512.00000, ips: 4829.28245 ins/s
2022-01-11 16:23:13,180 - INFO - epoch: 0, batch_id: 49000, auc:0.796740, log_loss:0.43744457, avg_reader_cost: 0.01761 sec, avg_batch_cost: 0.10843 sec, avg_samples: 512.00000, ips: 4721.79937 ins/s
2022-01-11 16:24:05,753 - INFO - epoch: 0, batch_id: 49500, auc:0.796774, log_loss:0.4343325, avg_reader_cost: 0.01701 sec, avg_batch_cost: 0.10494 sec, avg_samples: 512.00000, ips: 4878.95288 ins/s
2022-01-11 16:25:00,728 - INFO - epoch: 0, batch_id: 50000, auc:0.796834, log_loss:0.40771985, avg_reader_cost: 0.01775 sec, avg_batch_cost: 0.10974 sec, avg_samples: 512.00000, ips: 4665.37073 ins/s
2022-01-11 16:25:54,457 - INFO - epoch: 0, batch_id: 50500, auc:0.796985, log_loss:0.40867394, avg_reader_cost: 0.01648 sec, avg_batch_cost: 0.10726 sec, avg_samples: 512.00000, ips: 4773.62828 ins/s
2022-01-11 16:26:48,243 - INFO - epoch: 0, batch_id: 51000, auc:0.797062, log_loss:0.4557516, avg_reader_cost: 0.01686 sec, avg_batch_cost: 0.10737 sec, avg_samples: 512.00000, ips: 4768.64153 ins/s
2022-01-11 16:27:39,508 - INFO - epoch: 0, batch_id: 51500, auc:0.797153, log_loss:0.44098157, avg_reader_cost: 0.01887 sec, avg_batch_cost: 0.10231 sec, avg_samples: 512.00000, ips: 5004.31460 ins/s
2022-01-11 16:28:32,471 - INFO - epoch: 0, batch_id: 52000, auc:0.797194, log_loss:0.4416204, avg_reader_cost: 0.01797 sec, avg_batch_cost: 0.10572 sec, avg_samples: 512.00000, ips: 4843.13082 ins/s
2022-01-11 16:29:27,144 - INFO - epoch: 0, batch_id: 52500, auc:0.797241, log_loss:0.49089232, avg_reader_cost: 0.01895 sec, avg_batch_cost: 0.10914 sec, avg_samples: 512.00000, ips: 4691.25801 ins/s
2022-01-11 16:30:21,779 - INFO - epoch: 0, batch_id: 53000, auc:0.797319, log_loss:0.38393137, avg_reader_cost: 0.01903 sec, avg_batch_cost: 0.10906 sec, avg_samples: 512.00000, ips: 4694.51152 ins/s
2022-01-11 16:31:13,611 - INFO - epoch: 0, batch_id: 53500, auc:0.797371, log_loss:0.43038332, avg_reader_cost: 0.01827 sec, avg_batch_cost: 0.10346 sec, avg_samples: 512.00000, ips: 4948.80386 ins/s
2022-01-11 16:32:04,981 - INFO - epoch: 0, batch_id: 54000, auc:0.797399, log_loss:0.4491841, avg_reader_cost: 0.01883 sec, avg_batch_cost: 0.10253 sec, avg_samples: 512.00000, ips: 4993.66758 ins/s
2022-01-11 16:33:23,983 - INFO - epoch: 0, batch_id: 54500, auc:0.797454, log_loss:0.4625683, avg_reader_cost: 0.03211 sec, avg_batch_cost: 0.15768 sec, avg_samples: 512.00000, ips: 3247.04108 ins/s
2022-01-11 16:35:00,449 - INFO - epoch: 0, batch_id: 55000, auc:0.797501, log_loss:0.48963556, avg_reader_cost: 0.04501 sec, avg_batch_cost: 0.19253 sec, avg_samples: 512.00000, ips: 2659.30741 ins/s
2022-01-11 16:36:33,929 - INFO - epoch: 0, batch_id: 55500, auc:0.797547, log_loss:0.46923062, avg_reader_cost: 0.04085 sec, avg_batch_cost: 0.18657 sec, avg_samples: 512.00000, ips: 2744.21824 ins/s
2022-01-11 16:38:10,722 - INFO - epoch: 0, batch_id: 56000, auc:0.797609, log_loss:0.44958788, avg_reader_cost: 0.04517 sec, avg_batch_cost: 0.19319 sec, avg_samples: 512.00000, ips: 2650.24397 ins/s
2022-01-11 16:39:39,121 - INFO - epoch: 0, batch_id: 56500, auc:0.797671, log_loss:0.42063147, avg_reader_cost: 0.04112 sec, avg_batch_cost: 0.17644 sec, avg_samples: 512.00000, ips: 2901.80122 ins/s
2022-01-11 16:40:59,169 - INFO - epoch: 0, batch_id: 57000, auc:0.797715, log_loss:0.49377054, avg_reader_cost: 0.03525 sec, avg_batch_cost: 0.15978 sec, avg_samples: 512.00000, ips: 3204.46131 ins/s
2022-01-11 16:42:27,668 - INFO - epoch: 0, batch_id: 57500, auc:0.797816, log_loss:0.5080712, avg_reader_cost: 0.03798 sec, avg_batch_cost: 0.17664 sec, avg_samples: 512.00000, ips: 2898.61420 ins/s
2022-01-11 16:43:45,102 - INFO - epoch: 0, batch_id: 58000, auc:0.797842, log_loss:0.47251737, avg_reader_cost: 0.03299 sec, avg_batch_cost: 0.15455 sec, avg_samples: 512.00000, ips: 3312.84356 ins/s
2022-01-11 16:45:05,362 - INFO - epoch: 0, batch_id: 58500, auc:0.797888, log_loss:0.4456163, avg_reader_cost: 0.03450 sec, avg_batch_cost: 0.16022 sec, avg_samples: 512.00000, ips: 3195.64649 ins/s
2022-01-11 16:46:22,613 - INFO - epoch: 0, batch_id: 59000, auc:0.797956, log_loss:0.46131346, avg_reader_cost: 0.03367 sec, avg_batch_cost: 0.15419 sec, avg_samples: 512.00000, ips: 3320.61020 ins/s
2022-01-11 16:47:44,502 - INFO - epoch: 0, batch_id: 59500, auc:0.798022, log_loss:0.46912163, avg_reader_cost: 0.03681 sec, avg_batch_cost: 0.16344 sec, avg_samples: 512.00000, ips: 3132.69612 ins/s
2022-01-11 16:49:12,493 - INFO - epoch: 0, batch_id: 60000, auc:0.798097, log_loss:0.43749732, avg_reader_cost: 0.03983 sec, avg_batch_cost: 0.17563 sec, avg_samples: 512.00000, ips: 2915.22725 ins/s
2022-01-11 16:50:32,550 - INFO - epoch: 0, batch_id: 60500, auc:0.798163, log_loss:0.43035147, avg_reader_cost: 0.03407 sec, avg_batch_cost: 0.15979 sec, avg_samples: 512.00000, ips: 3204.29194 ins/s
2022-01-11 16:51:48,118 - INFO - epoch: 0, batch_id: 61000, auc:0.798219, log_loss:0.4456967, avg_reader_cost: 0.03036 sec, avg_batch_cost: 0.15082 sec, avg_samples: 512.00000, ips: 3394.71302 ins/s
2022-01-11 16:53:13,710 - INFO - epoch: 0, batch_id: 61500, auc:0.798285, log_loss:0.4273256, avg_reader_cost: 0.03419 sec, avg_batch_cost: 0.17082 sec, avg_samples: 512.00000, ips: 2997.23846 ins/s
2022-01-11 16:54:39,337 - INFO - epoch: 0, batch_id: 62000, auc:0.798356, log_loss:0.4466581, avg_reader_cost: 0.03796 sec, avg_batch_cost: 0.17092 sec, avg_samples: 512.00000, ips: 2995.59279 ins/s
2022-01-11 16:56:03,466 - INFO - epoch: 0, batch_id: 62500, auc:0.798417, log_loss:0.43455452, avg_reader_cost: 0.03688 sec, avg_batch_cost: 0.16792 sec, avg_samples: 512.00000, ips: 3049.06836 ins/s
2022-01-11 16:57:22,177 - INFO - epoch: 0, batch_id: 63000, auc:0.798424, log_loss:0.41645277, avg_reader_cost: 0.03159 sec, avg_batch_cost: 0.15711 sec, avg_samples: 512.00000, ips: 3258.87338 ins/s
2022-01-11 16:58:29,731 - INFO - epoch: 0, batch_id: 63500, auc:0.798459, log_loss:0.44958723, avg_reader_cost: 0.02674 sec, avg_batch_cost: 0.13482 sec, avg_samples: 512.00000, ips: 3797.54924 ins/s
2022-01-11 16:59:31,885 - INFO - epoch: 0, batch_id: 64000, auc:0.798496, log_loss:0.44487056, avg_reader_cost: 0.02031 sec, avg_batch_cost: 0.12407 sec, avg_samples: 512.00000, ips: 4126.80702 ins/s
2022-01-11 17:00:28,332 - INFO - epoch: 0, batch_id: 64500, auc:0.798530, log_loss:0.46230444, avg_reader_cost: 0.01618 sec, avg_batch_cost: 0.11269 sec, avg_samples: 512.00000, ips: 4543.42335 ins/s
2022-01-11 17:01:24,958 - INFO - epoch: 0, batch_id: 65000, auc:0.798656, log_loss:0.4675343, avg_reader_cost: 0.01764 sec, avg_batch_cost: 0.11305 sec, avg_samples: 512.00000, ips: 4528.89755 ins/s
2022-01-11 17:02:17,552 - INFO - epoch: 0, batch_id: 65500, auc:0.798687, log_loss:0.46945354, avg_reader_cost: 0.01532 sec, avg_batch_cost: 0.10499 sec, avg_samples: 512.00000, ips: 4876.87742 ins/s
2022-01-11 17:03:10,888 - INFO - epoch: 0, batch_id: 66000, auc:0.798734, log_loss:0.40533924, avg_reader_cost: 0.01733 sec, avg_batch_cost: 0.10647 sec, avg_samples: 512.00000, ips: 4808.94818 ins/s
2022-01-11 17:04:05,064 - INFO - epoch: 0, batch_id: 66500, auc:0.798769, log_loss:0.47182047, avg_reader_cost: 0.01906 sec, avg_batch_cost: 0.10815 sec, avg_samples: 512.00000, ips: 4734.33041 ins/s
2022-01-11 17:04:57,200 - INFO - epoch: 0, batch_id: 67000, auc:0.798783, log_loss:0.49160564, avg_reader_cost: 0.01363 sec, avg_batch_cost: 0.10407 sec, avg_samples: 512.00000, ips: 4919.72259 ins/s
2022-01-11 17:05:53,290 - INFO - epoch: 0, batch_id: 67500, auc:0.798823, log_loss:0.4286939, avg_reader_cost: 0.01435 sec, avg_batch_cost: 0.11198 sec, avg_samples: 512.00000, ips: 4572.37952 ins/s
2022-01-11 17:06:45,170 - INFO - epoch: 0, batch_id: 68000, auc:0.798874, log_loss:0.44784778, avg_reader_cost: 0.01522 sec, avg_batch_cost: 0.10356 sec, avg_samples: 512.00000, ips: 4944.22644 ins/s
2022-01-11 17:07:37,711 - INFO - epoch: 0, batch_id: 68500, auc:0.798928, log_loss:0.4662443, avg_reader_cost: 0.01547 sec, avg_batch_cost: 0.10488 sec, avg_samples: 512.00000, ips: 4881.61960 ins/s
2022-01-11 17:08:29,843 - INFO - epoch: 0, batch_id: 69000, auc:0.798998, log_loss:0.4328465, avg_reader_cost: 0.01362 sec, avg_batch_cost: 0.10406 sec, avg_samples: 512.00000, ips: 4920.03774 ins/s
2022-01-11 17:09:23,020 - INFO - epoch: 0, batch_id: 69500, auc:0.799047, log_loss:0.45804515, avg_reader_cost: 0.01532 sec, avg_batch_cost: 0.10615 sec, avg_samples: 512.00000, ips: 4823.28949 ins/s
2022-01-11 17:10:18,381 - INFO - epoch: 0, batch_id: 70000, auc:0.799073, log_loss:0.4253795, avg_reader_cost: 0.01834 sec, avg_batch_cost: 0.11052 sec, avg_samples: 512.00000, ips: 4632.76972 ins/s
2022-01-11 17:11:10,386 - INFO - epoch: 0, batch_id: 70500, auc:0.799097, log_loss:0.44468474, avg_reader_cost: 0.01743 sec, avg_batch_cost: 0.10381 sec, avg_samples: 512.00000, ips: 4932.23369 ins/s
2022-01-11 17:12:02,490 - INFO - epoch: 0, batch_id: 71000, auc:0.799129, log_loss:0.47516435, avg_reader_cost: 0.01773 sec, avg_batch_cost: 0.10400 sec, avg_samples: 512.00000, ips: 4923.10135 ins/s
2022-01-11 17:12:56,855 - INFO - epoch: 0, batch_id: 71500, auc:0.799217, log_loss:0.4535144, avg_reader_cost: 0.01845 sec, avg_batch_cost: 0.10852 sec, avg_samples: 512.00000, ips: 4717.95865 ins/s
2022-01-11 17:13:53,158 - INFO - epoch: 0, batch_id: 72000, auc:0.799264, log_loss:0.47612855, avg_reader_cost: 0.01856 sec, avg_batch_cost: 0.11240 sec, avg_samples: 512.00000, ips: 4555.11428 ins/s
2022-01-11 17:14:44,742 - INFO - epoch: 0, batch_id: 72500, auc:0.799307, log_loss:0.43847442, avg_reader_cost: 0.01689 sec, avg_batch_cost: 0.10297 sec, avg_samples: 512.00000, ips: 4972.48402 ins/s
2022-01-11 17:16:00,108 - INFO - epoch: 0, batch_id: 73000, auc:0.799377, log_loss:0.40713328, avg_reader_cost: 0.03313 sec, avg_batch_cost: 0.15044 sec, avg_samples: 512.00000, ips: 3403.44949 ins/s
2022-01-11 17:16:50,768 - INFO - epoch: 0, batch_id: 73500, auc:0.799415, log_loss:0.45762712, avg_reader_cost: 0.01772 sec, avg_batch_cost: 0.10111 sec, avg_samples: 512.00000, ips: 5063.64982 ins/s
2022-01-11 17:17:41,913 - INFO - epoch: 0, batch_id: 74000, auc:0.799471, log_loss:0.4596115, avg_reader_cost: 0.01695 sec, avg_batch_cost: 0.10209 sec, avg_samples: 512.00000, ips: 5015.32489 ins/s
2022-01-11 17:18:34,268 - INFO - epoch: 0, batch_id: 74500, auc:0.799485, log_loss:0.5120668, avg_reader_cost: 0.01806 sec, avg_batch_cost: 0.10450 sec, avg_samples: 512.00000, ips: 4899.29263 ins/s
2022-01-11 17:19:26,327 - INFO - epoch: 0, batch_id: 75000, auc:0.799511, log_loss:0.44439453, avg_reader_cost: 0.01854 sec, avg_batch_cost: 0.10391 sec, avg_samples: 512.00000, ips: 4927.21515 ins/s
2022-01-11 17:20:20,484 - INFO - epoch: 0, batch_id: 75500, auc:0.799578, log_loss:0.5034094, avg_reader_cost: 0.01851 sec, avg_batch_cost: 0.10811 sec, avg_samples: 512.00000, ips: 4735.96817 ins/s
2022-01-11 17:21:12,015 - INFO - epoch: 0, batch_id: 76000, auc:0.799580, log_loss:0.48700196, avg_reader_cost: 0.01786 sec, avg_batch_cost: 0.10286 sec, avg_samples: 512.00000, ips: 4977.58671 ins/s
2022-01-11 17:22:03,541 - INFO - epoch: 0, batch_id: 76500, auc:0.799602, log_loss:0.42859054, avg_reader_cost: 0.01849 sec, avg_batch_cost: 0.10284 sec, avg_samples: 512.00000, ips: 4978.38608 ins/s
2022-01-11 17:22:55,621 - INFO - epoch: 0, batch_id: 77000, auc:0.799647, log_loss:0.4496336, avg_reader_cost: 0.01894 sec, avg_batch_cost: 0.10395 sec, avg_samples: 512.00000, ips: 4925.34726 ins/s
2022-01-11 17:23:50,941 - INFO - epoch: 0, batch_id: 77500, auc:0.799693, log_loss:0.44951117, avg_reader_cost: 0.01892 sec, avg_batch_cost: 0.11043 sec, avg_samples: 512.00000, ips: 4636.40435 ins/s
2022-01-11 17:24:43,187 - INFO - epoch: 0, batch_id: 78000, auc:0.799721, log_loss:0.43594664, avg_reader_cost: 0.01830 sec, avg_batch_cost: 0.10429 sec, avg_samples: 512.00000, ips: 4909.40064 ins/s
2022-01-11 17:25:34,304 - INFO - epoch: 0, batch_id: 78500, auc:0.799755, log_loss:0.43280494, avg_reader_cost: 0.01842 sec, avg_batch_cost: 0.10203 sec, avg_samples: 512.00000, ips: 5018.16202 ins/s
2022-01-11 17:26:26,870 - INFO - epoch: 0, batch_id: 79000, auc:0.799779, log_loss:0.4086274, avg_reader_cost: 0.01610 sec, avg_batch_cost: 0.10493 sec, avg_samples: 512.00000, ips: 4879.63000 ins/s
2022-01-11 17:27:18,259 - INFO - epoch: 0, batch_id: 79500, auc:0.799804, log_loss:0.44212857, avg_reader_cost: 0.01248 sec, avg_batch_cost: 0.10258 sec, avg_samples: 512.00000, ips: 4991.32906 ins/s
2022-01-11 17:28:12,153 - INFO - epoch: 0, batch_id: 80000, auc:0.799841, log_loss:0.43519622, avg_reader_cost: 0.01750 sec, avg_batch_cost: 0.10758 sec, avg_samples: 512.00000, ips: 4759.23305 ins/s
2022-01-11 17:29:07,961 - INFO - epoch: 0, batch_id: 80500, auc:0.799858, log_loss:0.43338144, avg_reader_cost: 0.01980 sec, avg_batch_cost: 0.11141 sec, avg_samples: 512.00000, ips: 4595.70369 ins/s
2022-01-11 17:29:59,870 - INFO - epoch: 0, batch_id: 81000, auc:0.799920, log_loss:0.45001143, avg_reader_cost: 0.01723 sec, avg_batch_cost: 0.10361 sec, avg_samples: 512.00000, ips: 4941.42376 ins/s
2022-01-11 17:30:52,313 - INFO - epoch: 0, batch_id: 81500, auc:0.799952, log_loss:0.42669404, avg_reader_cost: 0.01993 sec, avg_batch_cost: 0.10468 sec, avg_samples: 512.00000, ips: 4891.25677 ins/s
2022-01-11 17:31:45,117 - INFO - epoch: 0, batch_id: 82000, auc:0.799984, log_loss:0.44562566, avg_reader_cost: 0.01819 sec, avg_batch_cost: 0.10540 sec, avg_samples: 512.00000, ips: 4857.65958 ins/s
2022-01-11 17:33:00,099 - INFO - epoch: 0, batch_id: 82500, auc:0.800032, log_loss:0.4279175, avg_reader_cost: 0.03188 sec, avg_batch_cost: 0.14967 sec, avg_samples: 512.00000, ips: 3420.93052 ins/s
2022-01-11 17:34:32,716 - INFO - epoch: 0, batch_id: 83000, auc:0.800046, log_loss:0.4245585, avg_reader_cost: 0.04515 sec, avg_batch_cost: 0.18483 sec, avg_samples: 512.00000, ips: 2770.06445 ins/s
2022-01-11 17:36:09,189 - INFO - epoch: 0, batch_id: 83500, auc:0.800082, log_loss:0.4747458, avg_reader_cost: 0.04642 sec, avg_batch_cost: 0.19255 sec, avg_samples: 512.00000, ips: 2659.10817 ins/s
2022-01-11 17:37:45,386 - INFO - epoch: 0, batch_id: 84000, auc:0.800115, log_loss:0.44431382, avg_reader_cost: 0.04414 sec, avg_batch_cost: 0.19197 sec, avg_samples: 512.00000, ips: 2667.02293 ins/s
2022-01-11 17:39:20,255 - INFO - epoch: 0, batch_id: 84500, auc:0.800160, log_loss:0.4078252, avg_reader_cost: 0.04546 sec, avg_batch_cost: 0.18936 sec, avg_samples: 512.00000, ips: 2703.86235 ins/s
2022-01-11 17:40:41,075 - INFO - epoch: 0, batch_id: 85000, auc:0.800203, log_loss:0.45907322, avg_reader_cost: 0.03239 sec, avg_batch_cost: 0.16130 sec, avg_samples: 512.00000, ips: 3174.21759 ins/s
2022-01-11 17:42:02,824 - INFO - epoch: 0, batch_id: 85500, auc:0.800246, log_loss:0.39148656, avg_reader_cost: 0.03542 sec, avg_batch_cost: 0.16316 sec, avg_samples: 512.00000, ips: 3138.03031 ins/s
2022-01-11 17:43:16,223 - INFO - epoch: 0 done, auc: 0.800281,log_loss:0.452649, epoch time: 11004.54 s
2022-01-11 17:43:22,095 - INFO - Already save model in output_model_dcn_v2/0

